#
# A fatal error has been detected by the Java Runtime Environment:
#
#  Internal Error (os_windows_x86.cpp:114), pid=125256, tid=124780
#  Error: guarantee(result == -1,"Unexpected result from topLevelExceptionFilter")
#
# JRE version: 6.0_17-b04
# Java VM: Java HotSpot(TM) 64-Bit Server VM (14.3-b01 mixed mode windows-amd64 )
# If you would like to submit a bug report, please visit:
#   http://java.sun.com/webapps/bugreport/crash.jsp
# The crash happened outside the Java Virtual Machine in native code.
# See problematic frame for where to report the bug.
#

---------------  T H R E A D  ---------------

Current thread (0x000000000821e000):  JavaThread "main" [_thread_in_native, id=124780, stack(0x00000000004a0000,0x00000000044a0000)]

Stack: [0x00000000004a0000,0x00000000044a0000]
[error occurred during error reporting (printing stack bounds), id 0xc0000005]

Java frames: (J=compiled Java code, j=interpreted, Vv=VM code)
j  com.mathworks.jmi.NativeMatlab.ProcessPendingEvents()Z+0
j  com.mathworks.jmi.NativeMatlab.processPendingEvents()Z+8
j  com.mathworks.jmi.AWTUtilities$MatlabLatch.safeWait()V+31
j  com.mathworks.jmi.AWTUtilities$MatlabLatch.waitFcn(J)V+8
j  com.mathworks.jmi.AWTUtilities$Latch.acquire()V+36
j  com.mathworks.jmi.AWTUtilities$Invoker.invoke(Z)V+54
j  com.mathworks.jmi.AWTUtilities.invokeAndWait(Lcom/mathworks/jmi/AWTUtilities$InvocationRunnable;)Ljava/lang/Object;+11
j  com.mathworks.mde.editor.EditorUtils.invokeAndWait(Lcom/mathworks/jmi/AWTUtilities$InvocationRunnable;)Ljava/lang/Object;+1
j  com.mathworks.mde.editor.MatlabEditorApplication.doOpenEditorOnEdt(Ljava/io/File;)Lcom/mathworks/matlab/api/editor/Editor;+17
j  com.mathworks.mde.editor.MatlabEditorApplication.openEditor(Ljava/io/File;)Lcom/mathworks/matlab/api/editor/Editor;+2
v  ~StubRoutines::call_stub

---------------  P R O C E S S  ---------------

Java Threads: ( => current thread )
  0x000000000e5ba000 JavaThread "Code Analyzer updating thread" [_thread_blocked, id=121608, stack(0x000000002a990000,0x000000002aa10000)]
  0x000000000e5b8000 JavaThread "Code Analyzer updating thread" [_thread_blocked, id=117608, stack(0x000000002a890000,0x000000002a910000)]
  0x000000000e5b9800 JavaThread "Code Analyzer updating thread" [_thread_blocked, id=102020, stack(0x000000002a810000,0x000000002a890000)]
  0x000000000e5b4800 JavaThread "Code Analyzer updating thread" [_thread_blocked, id=124140, stack(0x000000002a790000,0x000000002a810000)]
  0x000000000e5b3800 JavaThread "Code Analyzer updating thread" [_thread_blocked, id=123736, stack(0x000000002a710000,0x000000002a790000)]
  0x000000000e5b6000 JavaThread "Code Analyzer updating thread" [_thread_blocked, id=104808, stack(0x000000002a690000,0x000000002a710000)]
  0x000000000e5b5000 JavaThread "Code Analyzer updating thread" [_thread_blocked, id=112900, stack(0x000000002a560000,0x000000002a5e0000)]
  0x000000000e5b6800 JavaThread "Code Analyzer updating thread" [_thread_blocked, id=119800, stack(0x000000002a4e0000,0x000000002a560000)]
  0x000000000e5b3000 JavaThread "Code Analyzer updating thread" [_thread_blocked, id=125456, stack(0x000000002a460000,0x000000002a4e0000)]
  0x000000000e5b9000 JavaThread "Code Analyzer updating thread" [_thread_blocked, id=121664, stack(0x000000002a610000,0x000000002a690000)]
  0x00000000700cd800 JavaThread "Code Analyzer updating thread" [_thread_blocked, id=125044, stack(0x000000002a3e0000,0x000000002a460000)]
  0x00000000700ce800 JavaThread "Code Analyzer updating thread" [_thread_blocked, id=107308, stack(0x000000002a360000,0x000000002a3e0000)]
  0x00000000700cf800 JavaThread "Code Analyzer updating thread" [_thread_blocked, id=125120, stack(0x000000002a2e0000,0x000000002a360000)]
  0x00000000700d0800 JavaThread "Code Analyzer updating thread" [_thread_blocked, id=122820, stack(0x000000002a260000,0x000000002a2e0000)]
  0x00000000700cf000 JavaThread "Code Analyzer updating thread" [_thread_blocked, id=125652, stack(0x000000002a1e0000,0x000000002a260000)]
  0x0000000077805800 JavaThread "Code Analyzer updating thread" [_thread_blocked, id=125324, stack(0x000000002a160000,0x000000002a1e0000)]
  0x0000000077805000 JavaThread "Code Analyzer updating thread" [_thread_blocked, id=122224, stack(0x000000002a0e0000,0x000000002a160000)]
  0x0000000077804000 JavaThread "Code Analyzer updating thread" [_thread_blocked, id=124456, stack(0x0000000029eb0000,0x0000000029f30000)]
  0x0000000077802800 JavaThread "Code Analyzer updating thread" [_thread_blocked, id=125192, stack(0x0000000029e30000,0x0000000029eb0000)]
  0x0000000077803800 JavaThread "Code Analyzer updating thread" [_thread_blocked, id=114464, stack(0x0000000029d50000,0x0000000029dd0000)]
  0x0000000077957800 JavaThread "Code Analyzer updating thread" [_thread_blocked, id=123008, stack(0x0000000029010000,0x0000000029090000)]
  0x0000000077eda000 JavaThread "Code Analyzer updating thread" [_thread_blocked, id=116972, stack(0x0000000029cd0000,0x0000000029d50000)]
  0x0000000077ed8800 JavaThread "Code Analyzer updating thread" [_thread_blocked, id=125932, stack(0x0000000029c50000,0x0000000029cd0000)]
  0x0000000077ed8000 JavaThread "Code Analyzer updating thread" [_thread_blocked, id=75988, stack(0x0000000029bd0000,0x0000000029c50000)]
  0x0000000077ed9000 JavaThread "Code Analyzer updating thread" [_thread_blocked, id=125440, stack(0x0000000029b50000,0x0000000029bd0000)]
  0x0000000077eda800 JavaThread "Code Analyzer updating thread" [_thread_blocked, id=96168, stack(0x0000000029ad0000,0x0000000029b50000)]
  0x000000007072f000 JavaThread "Code Analyzer updating thread" [_thread_blocked, id=124956, stack(0x00000000299d0000,0x0000000029a50000)]
  0x0000000070732000 JavaThread "Code Analyzer updating thread" [_thread_blocked, id=97860, stack(0x0000000029950000,0x00000000299d0000)]
  0x0000000070730800 JavaThread "Code Analyzer updating thread" [_thread_blocked, id=119084, stack(0x00000000298d0000,0x0000000029950000)]
  0x0000000070731800 JavaThread "Code Analyzer updating thread" [_thread_blocked, id=112344, stack(0x0000000029850000,0x00000000298d0000)]
  0x0000000070730000 JavaThread "Code Analyzer updating thread" [_thread_blocked, id=121532, stack(0x00000000297d0000,0x0000000029850000)]
  0x000000006500e800 JavaThread "Code Analyzer updating thread" [_thread_blocked, id=119952, stack(0x0000000029750000,0x00000000297d0000)]
  0x000000006500f000 JavaThread "Code Analyzer updating thread" [_thread_blocked, id=105212, stack(0x00000000296d0000,0x0000000029750000)]
  0x0000000065010800 JavaThread "Code Analyzer updating thread" [_thread_blocked, id=125656, stack(0x0000000029650000,0x00000000296d0000)]
  0x000000006500d800 JavaThread "Code Analyzer updating thread" [_thread_blocked, id=122836, stack(0x00000000295d0000,0x0000000029650000)]
  0x000000006500f800 JavaThread "Code Analyzer updating thread" [_thread_blocked, id=120812, stack(0x0000000029310000,0x0000000029390000)]
  0x000000006f990800 JavaThread "Code Analyzer updating thread" [_thread_blocked, id=118256, stack(0x0000000029290000,0x0000000029310000)]
  0x000000006f98e800 JavaThread "Code Analyzer updating thread" [_thread_blocked, id=124948, stack(0x0000000029210000,0x0000000029290000)]
  0x000000006f98f000 JavaThread "Code Analyzer updating thread" [_thread_blocked, id=121340, stack(0x0000000029190000,0x0000000029210000)]
  0x000000006f990000 JavaThread "Code Analyzer updating thread" [_thread_blocked, id=120268, stack(0x0000000029110000,0x0000000029190000)]
  0x000000006f991800 JavaThread "Code Analyzer updating thread" [_thread_blocked, id=120080, stack(0x0000000029090000,0x0000000029110000)]
  0x0000000077957000 JavaThread "Code Analyzer updating thread" [_thread_blocked, id=90504, stack(0x0000000028f90000,0x0000000029010000)]
  0x0000000077958800 JavaThread "Code Analyzer updating thread" [_thread_blocked, id=116108, stack(0x0000000028e70000,0x0000000028ef0000)]
  0x0000000077959000 JavaThread "Code Analyzer updating thread" [_thread_blocked, id=113816, stack(0x0000000028df0000,0x0000000028e70000)]
  0x0000000077956000 JavaThread "Code Analyzer updating thread" [_thread_blocked, id=122684, stack(0x0000000028d70000,0x0000000028df0000)]
  0x000000007717c000 JavaThread "Code Analyzer updating thread" [_thread_blocked, id=103696, stack(0x0000000028c30000,0x0000000028cb0000)]
  0x000000007717f000 JavaThread "Code Analyzer updating thread" [_thread_blocked, id=116756, stack(0x0000000028bb0000,0x0000000028c30000)]
  0x000000007717e800 JavaThread "Code Analyzer updating thread" [_thread_blocked, id=117852, stack(0x0000000028b30000,0x0000000028bb0000)]
  0x000000007717d000 JavaThread "Code Analyzer updating thread" [_thread_blocked, id=114632, stack(0x0000000028f10000,0x0000000028f90000)]
  0x000000007717d800 JavaThread "Code Analyzer updating thread" [_thread_blocked, id=120752, stack(0x0000000028cf0000,0x0000000028d70000)]
  0x000000006f9cc800 JavaThread "Code Analyzer updating thread" [_thread_blocked, id=117376, stack(0x00000000271d0000,0x0000000027250000)]
  0x00000000703f2000 JavaThread "Code Analyzer updating thread" [_thread_blocked, id=119768, stack(0x0000000028ab0000,0x0000000028b30000)]
  0x00000000703f1000 JavaThread "Code Analyzer updating thread" [_thread_blocked, id=102916, stack(0x0000000028a30000,0x0000000028ab0000)]
  0x00000000703f3000 JavaThread "Code Analyzer updating thread" [_thread_blocked, id=120796, stack(0x00000000288b0000,0x0000000028930000)]
  0x00000000703f4000 JavaThread "Code Analyzer updating thread" [_thread_blocked, id=125840, stack(0x0000000027a80000,0x0000000027b00000)]
  0x00000000703f2800 JavaThread "Code Analyzer updating thread" [_thread_blocked, id=121892, stack(0x0000000027a00000,0x0000000027a80000)]
  0x0000000064ae7000 JavaThread "Code Analyzer updating thread" [_thread_blocked, id=122620, stack(0x0000000027980000,0x0000000027a00000)]
  0x0000000064ae4800 JavaThread "Code Analyzer updating thread" [_thread_blocked, id=125864, stack(0x0000000027700000,0x0000000027780000)]
  0x0000000064aec000 JavaThread "Code Analyzer updating thread" [_thread_blocked, id=113232, stack(0x0000000028830000,0x00000000288b0000)]
  0x000000006f9d4800 JavaThread "Code Analyzer updating thread" [_thread_blocked, id=122000, stack(0x00000000287b0000,0x0000000028830000)]
  0x000000006f9d3000 JavaThread "Code Analyzer updating thread" [_thread_blocked, id=84116, stack(0x0000000028730000,0x00000000287b0000)]
  0x000000006f9d2000 JavaThread "Code Analyzer updating thread" [_thread_blocked, id=120016, stack(0x00000000286b0000,0x0000000028730000)]
  0x000000006f9d1000 JavaThread "Code Analyzer updating thread" [_thread_blocked, id=120352, stack(0x0000000027e00000,0x0000000027e80000)]
  0x000000006f9cf000 JavaThread "Code Analyzer updating thread" [_thread_blocked, id=125844, stack(0x0000000027d80000,0x0000000027e00000)]
  0x000000006f9cf800 JavaThread "Code Analyzer updating thread" [_thread_blocked, id=114260, stack(0x0000000027c00000,0x0000000027c80000)]
  0x000000006f9c7800 JavaThread "Code Analyzer updating thread" [_thread_blocked, id=124448, stack(0x0000000027b80000,0x0000000027c00000)]
  0x000000006f9c6000 JavaThread "Code Analyzer updating thread" [_thread_blocked, id=113416, stack(0x0000000027b00000,0x0000000027b80000)]
  0x000000006f9cd800 JavaThread "Code Analyzer updating thread" [_thread_blocked, id=125288, stack(0x0000000027250000,0x00000000272d0000)]
  0x000000006f9ca000 JavaThread "Code Analyzer updating thread" [_thread_blocked, id=104324, stack(0x0000000018d90000,0x0000000018e10000)]
  0x000000006f9d0800 JavaThread "Code Analyzer updating thread" [_thread_blocked, id=102792, stack(0x0000000008670000,0x00000000086f0000)]
  0x000000006f9c8800 JavaThread "Foxtrot Single Worker Thread #1" daemon [_thread_blocked, id=104604, stack(0x0000000008700000,0x0000000008780000)]
  0x000000006f9c7000 JavaThread "Code Analyzer updating thread" [_thread_blocked, id=125144, stack(0x000000003ce50000,0x000000003ced0000)]
  0x000000006f9d5800 JavaThread "Active Reference Queue Daemon" daemon [_thread_blocked, id=125856, stack(0x000000006b370000,0x000000006b3f0000)]
  0x000000006f9d2800 JavaThread "Timer-14" daemon [_thread_blocked, id=124992, stack(0x000000006b2f0000,0x000000006b370000)]
  0x000000006f9cb000 JavaThread "Prefs Updater" daemon [_thread_blocked, id=104356, stack(0x000000006aec0000,0x000000006af40000)]
  0x000000006f9c9000 JavaThread "Timer-7" daemon [_thread_blocked, id=119356, stack(0x0000000067080000,0x0000000067100000)]
  0x0000000064aea800 JavaThread "Timer-1" daemon [_thread_blocked, id=71344, stack(0x0000000066a60000,0x0000000066ae0000)]
  0x0000000064ae9800 JavaThread "TimerQueue" daemon [_thread_blocked, id=124104, stack(0x000000000fad0000,0x000000000fb50000)]
  0x0000000064ae8800 JavaThread "Thread-5" daemon [_thread_blocked, id=122352, stack(0x000000000f880000,0x000000000f900000)]
  0x0000000064ae5800 JavaThread "AWT-EventQueue-0" [_thread_blocked, id=112548, stack(0x000000000f800000,0x000000000f880000)]
  0x0000000064ae9000 JavaThread "AWT-Shutdown" [_thread_blocked, id=125912, stack(0x000000000f5f0000,0x000000000f670000)]
  0x0000000064ae7800 JavaThread "FelixPackageAdmin" daemon [_thread_blocked, id=96748, stack(0x000000000fa00000,0x000000000fa80000)]
  0x00000000648ec000 JavaThread "FelixStartLevel" daemon [_thread_blocked, id=125284, stack(0x000000000f980000,0x000000000fa00000)]
  0x00000000648eb000 JavaThread "FelixDispatchQueue" daemon [_thread_blocked, id=114860, stack(0x000000000f900000,0x000000000f980000)]
  0x00000000647df800 JavaThread "com.google.common.base.internal.Finalizer" daemon [_thread_blocked, id=100952, stack(0x000000000f780000,0x000000000f800000)]
  0x0000000064743800 JavaThread "AWT-Windows" daemon [_thread_in_native, id=125060, stack(0x000000000f670000,0x000000000f6f0000)]
  0x000000000e1e1800 JavaThread "Java2D Disposer" daemon [_thread_blocked, id=125252, stack(0x000000000f570000,0x000000000f5f0000)]
  0x00000000643f2800 JavaThread "Timer-0" [_thread_blocked, id=96440, stack(0x000000000f0e0000,0x000000000f160000)]
  0x000000006433a000 JavaThread "EventMgr Dispatcher" daemon [_thread_in_native, id=104976, stack(0x0000000008a70000,0x000000000ca70000)]
  0x000000000e21a800 JavaThread "Low Memory Detector" daemon [_thread_blocked, id=116416, stack(0x000000000e450000,0x000000000e4d0000)]
  0x000000000e211000 JavaThread "CompilerThread1" daemon [_thread_blocked, id=125268, stack(0x0000000093ff0000,0x0000000097ff0000)]
  0x000000000e206000 JavaThread "CompilerThread0" daemon [_thread_blocked, id=122172, stack(0x000000008fff0000,0x0000000093ff0000)]
  0x000000000e205000 JavaThread "Attach Listener" daemon [_thread_blocked, id=82936, stack(0x000000000e3d0000,0x000000000e450000)]
  0x000000000e1d6000 JavaThread "Finalizer" daemon [_thread_blocked, id=124772, stack(0x000000000e350000,0x000000000e3d0000)]
  0x000000000e1d5000 JavaThread "Reference Handler" daemon [_thread_blocked, id=125352, stack(0x000000000e2d0000,0x000000000e350000)]
=>0x000000000821e000 JavaThread "main" [_thread_in_native, id=124780, stack(0x00000000004a0000,0x00000000044a0000)]

Other Threads:
  0x000000000e1d1800 VMThread [stack: 0x000000008bff0000,0x000000008fff0000] [id=125868]
  0x000000000e244000 WatcherThread [stack: 0x0000000097ff0000,0x000000009bff0000] [id=107856]

VM state:at safepoint (normal execution)

VM Mutex/Monitor currently owned by a thread:  ([mutex/lock_event])
[0x000000000821a090] Threads_lock - owner thread: 0x000000000e1d1800
[0x000000000821a610] Heap_lock - owner thread: 0x0000000064ae5800

Heap
 PSYoungGen      total 35648K, used 21952K [0x0000000055150000, 0x0000000058160000, 0x0000000058250000)
  eden space 21952K, 100% used [0x0000000055150000,0x00000000566c0000,0x00000000566c0000)
  from space 13696K, 0% used [0x0000000057400000,0x0000000057400000,0x0000000058160000)
  to   space 13568K, 0% used [0x00000000566c0000,0x00000000566c0000,0x0000000057400000)
 PSOldGen        total 150528K, used 150527K [0x000000004be50000, 0x0000000055150000, 0x0000000055150000)
  object space 150528K, 99% used [0x000000004be50000,0x000000005514ffc8,0x0000000055150000)
 PSPermGen       total 62720K, used 62174K [0x0000000043e50000, 0x0000000047b90000, 0x000000004be50000)
  object space 62720K, 99% used [0x0000000043e50000,0x0000000047b07838,0x0000000047b90000)

Dynamic libraries:
0x000007f744670000 - 0x000007f74469d000 	C:\Program Files\MATLAB\R2012b\bin\win64\matlab.exe
0x000007f887ae0000 - 0x000007f887c9e000 	C:\Windows\SYSTEM32\ntdll.dll
0x000007f8879a0000 - 0x000007f887ad7000 	C:\Windows\system32\KERNEL32.DLL
0x000007f884a60000 - 0x000007f884b54000 	C:\Windows\system32\KERNELBASE.dll
0x000000006b750000 - 0x000000006b7d7000 	C:\Windows\System32\SYSFER.DLL
0x0000000074460000 - 0x000000007451f000 	C:\Program Files\MATLAB\R2012b\bin\win64\libut.dll
0x0000000180000000 - 0x00000001802dc000 	C:\Program Files\MATLAB\R2012b\bin\win64\libmwservices.dll
0x0000000074970000 - 0x0000000074a31000 	C:\Program Files\MATLAB\R2012b\bin\win64\mcr.dll
0x0000000069610000 - 0x00000000696e3000 	C:\Windows\WinSxS\amd64_microsoft.vc90.crt_1fc8b3b9a1e18e3b_9.0.30729.6871_none_08e717a5a83adddf\MSVCP90.dll
0x0000000069560000 - 0x0000000069603000 	C:\Windows\WinSxS\amd64_microsoft.vc90.crt_1fc8b3b9a1e18e3b_9.0.30729.6871_none_08e717a5a83adddf\MSVCR90.dll
0x00000000758a0000 - 0x000000007595c000 	C:\Program Files\MATLAB\R2012b\bin\win64\libmwi18n.dll
0x0000000073f70000 - 0x000000007411d000 	C:\Program Files\MATLAB\R2012b\bin\win64\libmwfl.dll
0x000000007a3b0000 - 0x000000007a3c0000 	C:\Program Files\MATLAB\R2012b\bin\win64\boost_date_time-vc90-mt-1_44.dll
0x000000007a560000 - 0x000000007a569000 	C:\Program Files\MATLAB\R2012b\bin\win64\boost_system-vc90-mt-1_44.dll
0x000000007a2d0000 - 0x000000007a2e2000 	C:\Program Files\MATLAB\R2012b\bin\win64\boost_thread-vc90-mt-1_44.dll
0x0000000004790000 - 0x000000000484d000 	C:\Program Files\MATLAB\R2012b\bin\win64\boost_log-vc90-mt-1_44.dll
0x00000000696f0000 - 0x0000000069861000 	C:\Program Files\MATLAB\R2012b\bin\win64\icuuc44.dll
0x0000000069510000 - 0x0000000069523000 	C:\Program Files\MATLAB\R2012b\bin\win64\icuio44.dll
0x00000000045e0000 - 0x0000000004626000 	C:\Program Files\MATLAB\R2012b\bin\win64\tbb.dll
0x000007f8852e0000 - 0x000007f8852e7000 	C:\Windows\system32\PSAPI.DLL
0x000007f87cc50000 - 0x000007f87cdb3000 	C:\Windows\SYSTEM32\dbghelp.dll
0x000007f8870e0000 - 0x000007f8871be000 	C:\Windows\system32\ADVAPI32.dll
0x000007f885340000 - 0x000007f88548c000 	C:\Windows\system32\USER32.dll
0x0000000075a20000 - 0x0000000075af3000 	C:\Program Files\MATLAB\R2012b\bin\win64\libmx.dll
0x0000000004640000 - 0x000000000468d000 	C:\Program Files\MATLAB\R2012b\bin\win64\libmwregexp.dll
0x0000000004850000 - 0x0000000004873000 	C:\Program Files\MATLAB\R2012b\bin\win64\libmwmfl_scalar.dll
0x0000000075f10000 - 0x0000000075f60000 	C:\Program Files\MATLAB\R2012b\bin\win64\mpath.dll
0x000000007b680000 - 0x000000007bc9a000 	C:\Program Files\MATLAB\R2012b\bin\win64\mlutil.dll
0x0000000004880000 - 0x0000000004c36000 	C:\Program Files\MATLAB\R2012b\bin\win64\libmwMATLAB_res.dll
0x0000000004c40000 - 0x0000000004c60000 	C:\Program Files\MATLAB\R2012b\bin\win64\libmwMATLAB_settings_res.dll
0x000000007a170000 - 0x000000007a19c000 	C:\Program Files\MATLAB\R2012b\bin\win64\boost_filesystem-vc90-mt-1_44.dll
0x0000000004c60000 - 0x0000000004ca7000 	C:\Program Files\MATLAB\R2012b\bin\win64\boost_serialization-vc90-mt-1_44.dll
0x000007f87da60000 - 0x000007f87db04000 	C:\Windows\WinSxS\amd64_microsoft.windows.common-controls_6595b64144ccf1df_5.82.9200.16658_none_776622cb3175a40c\COMCTL32.dll
0x000007f886cf0000 - 0x000007f886d91000 	C:\Windows\system32\COMDLG32.dll
0x000007f882ba0000 - 0x000007f882bb5000 	C:\Windows\SYSTEM32\NETAPI32.dll
0x000007f8871c0000 - 0x000007f887218000 	C:\Windows\system32\WS2_32.dll
0x0000000004cb0000 - 0x0000000004f03000 	C:\Program Files\MATLAB\R2012b\bin\win64\xerces-c_2_7.dll
0x000007f8858c0000 - 0x000007f886ba0000 	C:\Windows\system32\SHELL32.dll
0x000007f884ec0000 - 0x000007f88503e000 	C:\Windows\system32\ole32.dll
0x000007f8857a0000 - 0x000007f885863000 	C:\Windows\system32\OLEAUT32.dll
0x0000000075000000 - 0x00000000753e9000 	C:\Program Files\MATLAB\R2012b\bin\win64\iqm.dll
0x0000000079fb0000 - 0x0000000079fe6000 	C:\Program Files\MATLAB\R2012b\bin\win64\libmwbridge.dll
0x00000000694e0000 - 0x0000000069507000 	C:\Program Files\MATLAB\R2012b\bin\win64\libmex.dll
0x0000000074e80000 - 0x0000000074f38000 	C:\Program Files\MATLAB\R2012b\bin\win64\m_dispatcher.dll
0x000007f879e80000 - 0x000007f87a116000 	C:\Program Files\MATLAB\R2012b\bin\win64\mcos.dll
0x0000000069380000 - 0x00000000694d2000 	C:\Program Files\MATLAB\R2012b\bin\win64\libmwgui.dll
0x0000000068920000 - 0x000000006937f000 	C:\Program Files\MATLAB\R2012b\bin\win64\hg.dll
0x0000000068800000 - 0x000000006891f000 	C:\Program Files\MATLAB\R2012b\bin\win64\hgutils.dll
0x000007f870290000 - 0x000007f870b01000 	C:\Program Files\MATLAB\R2012b\bin\win64\m_interpreter.dll
0x0000000075710000 - 0x00000000757de000 	C:\Program Files\MATLAB\R2012b\bin\win64\jmi.dll
0x0000000068740000 - 0x0000000068800000 	C:\Program Files\MATLAB\R2012b\bin\win64\udd_mi.dll
0x0000000004f20000 - 0x00000000051f1000 	C:\Program Files\MATLAB\R2012b\bin\win64\uiw.dll
0x0000000068710000 - 0x0000000068732000 	C:\Program Files\MATLAB\R2012b\bin\win64\mwoles05.DLL
0x0000000068690000 - 0x000000006870d000 	C:\Program Files\MATLAB\R2012b\bin\win64\comcli.dll
0x0000000068680000 - 0x000000006868c000 	C:\Program Files\MATLAB\R2012b\bin\win64\mlautoregister.dll
0x0000000005200000 - 0x0000000005210000 	C:\Program Files\MATLAB\R2012b\bin\win64\boost_iostreams-vc90-mt-1_44.dll
0x000007f886f90000 - 0x000007f8870d1000 	C:\Windows\system32\GDI32.dll
0x0000000005220000 - 0x000000000522b000 	C:\Program Files\MATLAB\R2012b\bin\win64\libmwresource_core.dll
0x000000007a010000 - 0x000000007a035000 	C:\Program Files\MATLAB\R2012b\bin\win64\LIBEXPAT.dll
0x0000000068480000 - 0x0000000068671000 	C:\Program Files\MATLAB\R2012b\bin\win64\icuin44.dll
0x000000007a250000 - 0x000000007a263000 	C:\Program Files\MATLAB\R2012b\bin\win64\boost_signals-vc90-mt-1_44.dll
0x000007f8852c0000 - 0x000007f8852d4000 	C:\Windows\system32\imagehlp.dll
0x0000000010000000 - 0x0000000010e41000 	C:\Program Files\MATLAB\R2012b\bin\win64\icudt44.dll
0x000007f887660000 - 0x000007f887705000 	C:\Windows\system32\msvcrt.dll
0x000007f885870000 - 0x000007f8858b8000 	C:\Windows\SYSTEM32\sechost.dll
0x000007f886ba0000 - 0x000007f886ce5000 	C:\Windows\system32\RPCRT4.dll
0x00000000052c0000 - 0x00000000052e9000 	C:\Program Files\MATLAB\R2012b\bin\win64\tbbmalloc.dll
0x000000007a210000 - 0x000000007a228000 	C:\Program Files\MATLAB\R2012b\bin\win64\zlib1.dll
0x00000000754d0000 - 0x0000000075551000 	C:\Program Files\MATLAB\R2012b\bin\win64\xmlcore.dll
0x000007f8852f0000 - 0x000007f885340000 	C:\Windows\system32\SHLWAPI.dll
0x000007f8835f0000 - 0x000007f8835fe000 	C:\Windows\SYSTEM32\netutils.dll
0x000007f884520000 - 0x000007f884544000 	C:\Windows\SYSTEM32\srvcli.dll
0x000007f883600000 - 0x000007f883615000 	C:\Windows\SYSTEM32\wkscli.dll
0x000007f8852b0000 - 0x000007f8852b9000 	C:\Windows\system32\NSI.dll
0x000007f886de0000 - 0x000007f886f90000 	C:\Windows\SYSTEM32\combase.dll
0x00000000683b0000 - 0x0000000068478000 	C:\Program Files\MATLAB\R2012b\bin\win64\udd.dll
0x0000000074880000 - 0x000000007496d000 	C:\Program Files\MATLAB\R2012b\bin\win64\boost_regex-vc90-mt-1_44.dll
0x0000000068390000 - 0x00000000683a7000 	C:\Program Files\MATLAB\R2012b\bin\win64\graphics_util.dll
0x0000000076100000 - 0x0000000076168000 	C:\Program Files\MATLAB\R2012b\bin\win64\libmat.dll
0x0000000068340000 - 0x0000000068386000 	C:\Program Files\MATLAB\R2012b\bin\win64\libmwhardcopy.dll
0x00000000682d0000 - 0x0000000068333000 	C:\Program Files\MATLAB\R2012b\bin\win64\libuij.dll
0x0000000068060000 - 0x00000000682c4000 	C:\Program Files\MATLAB\R2012b\bin\win64\hgdatatypes.dll
0x00000000053f0000 - 0x0000000005475000 	C:\Program Files\MATLAB\R2012b\bin\win64\libmwlapack.dll
0x0000000005480000 - 0x00000000054bb000 	C:\Program Files\MATLAB\R2012b\bin\win64\libmwgbtutils.dll
0x00000000054c0000 - 0x00000000054db000 	C:\Program Files\MATLAB\R2012b\bin\win64\libmwgbt.dll
0x0000000067b70000 - 0x0000000068054000 	C:\Windows\WinSxS\amd64_microsoft.vc90.mfc_1fc8b3b9a1e18e3b_9.0.30729.6161_none_044aad0bab1eb146\mfc90.dll
0x000007f87dde0000 - 0x000007f87de5d000 	C:\Windows\SYSTEM32\WINSPOOL.DRV
0x0000000067ae0000 - 0x0000000067b64000 	C:\Program Files\MATLAB\R2012b\bin\win64\profiler.dll
0x0000000005500000 - 0x000000000576a000 	C:\Program Files\MATLAB\R2012b\bin\win64\libmwmathutil.dll
0x0000000079f40000 - 0x0000000079f6e000 	C:\Program Files\MATLAB\R2012b\bin\win64\libmwmathrng.dll
0x0000000067ab0000 - 0x0000000067ad1000 	C:\Program Files\MATLAB\R2012b\bin\win64\m_pcodeio.dll
0x0000000079b10000 - 0x0000000079b77000 	C:\Program Files\MATLAB\R2012b\bin\win64\m_ir.dll
0x0000000067440000 - 0x0000000067ab0000 	C:\Program Files\MATLAB\R2012b\bin\win64\m_parser.dll
0x0000000067400000 - 0x0000000067431000 	C:\Program Files\MATLAB\R2012b\bin\win64\m_pcodegen.dll
0x0000000005770000 - 0x00000000057da000 	C:\Program Files\MATLAB\R2012b\bin\win64\libmwspmatrix.dll
0x00000000057f0000 - 0x00000000057fd000 	C:\Program Files\MATLAB\R2012b\bin\win64\nativejava_services.dll
0x00000000673f0000 - 0x00000000673ff000 	C:\Program Files\MATLAB\R2012b\bin\win64\uinone.dll
0x0000000005820000 - 0x0000000005849000 	C:\Program Files\MATLAB\R2012b\bin\win64\libmwnativefiledialogs.dll
0x000007f880170000 - 0x000007f880187000 	C:\Windows\SYSTEM32\MPR.dll
0x0000000069530000 - 0x000000006955f000 	C:\Windows\WinSxS\amd64_microsoft.vc90.atl_1fc8b3b9a1e18e3b_9.0.30729.6161_none_0a1fd3a3a768b895\ATL90.DLL
0x0000000072d30000 - 0x0000000072f44000 	C:\Program Files\MATLAB\R2012b\bin\win64\hdf5dll.dll
0x000000007a310000 - 0x000000007a321000 	C:\Program Files\MATLAB\R2012b\bin\win64\libmwbinder.dll
0x000000007a4d0000 - 0x000000007a4dc000 	C:\Program Files\MATLAB\R2012b\bin\win64\libmwompwrapper.dll
0x000007f87df40000 - 0x000007f87df47000 	C:\Windows\SYSTEM32\MSIMG32.dll
0x00000000059d0000 - 0x00000000059e2000 	C:\Program Files\MATLAB\R2012b\bin\win64\libmwmfl_rng.dll
0x0000000074c10000 - 0x0000000074cee000 	C:\Program Files\MATLAB\R2012b\bin\win64\libmwmathcore.dll
0x00000000673d0000 - 0x00000000673ea000 	C:\Program Files\MATLAB\R2012b\bin\win64\ir_xfmr.dll
0x00000000673b0000 - 0x00000000673c1000 	C:\Program Files\MATLAB\R2012b\bin\win64\mtok.dll
0x0000000005a70000 - 0x0000000005a78000 	C:\Program Files\MATLAB\R2012b\bin\win64\libmwplatform_res.dll
0x000007f8831a0000 - 0x000007f883235000 	C:\Windows\SYSTEM32\SHCORE.DLL
0x0000000075ea0000 - 0x0000000075f02000 	C:\Program Files\MATLAB\R2012b\bin\win64\libmwcholmod.dll
0x000000007a460000 - 0x000000007a46d000 	C:\Program Files\MATLAB\R2012b\bin\win64\libmwamd.dll
0x000000007a4b0000 - 0x000000007a4bc000 	C:\Program Files\MATLAB\R2012b\bin\win64\libmwcolamd.dll
0x000000007a290000 - 0x000000007a2a9000 	C:\Program Files\MATLAB\R2012b\bin\win64\libmwblas.dll
0x000007f886da0000 - 0x000007f886dd9000 	C:\Windows\system32\IMM32.DLL
0x000007f887220000 - 0x000007f887336000 	C:\Windows\system32\MSCTF.dll
0x000007f883850000 - 0x000007f883936000 	C:\Windows\system32\UxTheme.dll
0x000007f882f20000 - 0x000007f882f41000 	C:\Windows\system32\dwmapi.dll
0x00000000673a0000 - 0x00000000673ad000 	C:\Windows\WinSxS\amd64_microsoft.vc90.mfcloc_1fc8b3b9a1e18e3b_9.0.30729.6161_none_01c9581e60cbee58\MFC90ENU.DLL
0x0000000078870000 - 0x0000000078ecd000 	C:\Program Files\MATLAB\R2012b\sys\java\jre\win64\jre\bin\server\jvm.dll
0x000007f87d690000 - 0x000007f87d6b0000 	C:\Windows\SYSTEM32\WINMM.dll
0x000007f87ac30000 - 0x000007f87ac63000 	C:\Windows\SYSTEM32\WINMMBASE.dll
0x000007f884b60000 - 0x000007f884baf000 	C:\Windows\SYSTEM32\cfgmgr32.dll
0x000007f884a30000 - 0x000007f884a52000 	C:\Windows\system32\DEVOBJ.dll
0x000007f884a10000 - 0x000007f884a25000 	C:\Windows\system32\profapi.dll
0x000007f8801c0000 - 0x000007f8801d4000 	C:\Windows\system32\napinsp.dll
0x000007f882f50000 - 0x000007f882f66000 	C:\Windows\system32\NLAapi.dll
0x000007f884180000 - 0x000007f8841dc000 	C:\Windows\System32\mswsock.dll

VM Arguments:
jvm_args: -Xss512k -XX:PermSize=32m -Xms64m -XX:NewRatio=3 -XX:MaxPermSize=128m -Xmx196m -XX:MaxDirectMemorySize=2147400000 -Dsun.java2d.noddraw=true -Dsun.awt.nopixfmt=true -Xshare:off -Xrs -Dsun.awt.disableMixing=true -Djava.library.path=C:\Program Files\MATLAB\R2012b\bin\win64;C:\Program Files\MATLAB\R2012b\sys\jxbrowser\win64\lib vfprintf abort 
java_command: <unknown>
Launcher Type: generic

Environment Variables:
CLASSPATH=.;C:\Program Files (x86)\Java\jre7\lib\ext\QTJava.zip
PATH=C:\ProgramData\Oracle\Java\javapath;C:\Windows\system32;C:\Windows;C:\Windows\System32\Wbem;C:\Windows\System32\WindowsPowerShell\v1.0\;C:\Program Files (x86)\QuickTime\QTSystem\;C:\Program Files\MATLAB\R2014a\runtime\win64;C:\Program Files\MATLAB\R2014a\bin;C:\Program Files\MATLAB\R2012b\runtime\win64;C:\Program Files\MATLAB\R2012b\bin;C:\Program Files (x86)\Intel\OpenCL SDK\2.0\bin\x86;C:\Program Files (x86)\Intel\OpenCL SDK\2.0\bin\x64;C:\Program Files\MATLAB\R2011b\runtime\win64;C:\Program Files\MATLAB\R2011b\bin;C:\Program Files (x86)\Microsoft SQL Server\90\Tools\binn\;C:\Program Files (x86)\Microsoft SQL Server\80\Tools\Binn\;C:\Program Files (x86)\Common Files\AspenTech Shared\;c:\Program Files (x86)\Microsoft SQL Server\100\Tools\Binn\;c:\Program Files (x86)\Microsoft SQL Server\100\DTS\Binn\;C:\Program Files\Microsoft SQL Server\110\Tools\Binn\
USERNAME=j299li
OS=Windows_NT
PROCESSOR_IDENTIFIER=Intel64 Family 6 Model 58 Stepping 9, GenuineIntel



---------------  S Y S T E M  ---------------

OS: Windows NT 6.2 Build 9200 

CPU:total 8 (8 cores per cpu, 2 threads per core) family 6 model 58 stepping 9, cmov, cx8, fxsr, mmx, sse, sse2, sse3, ssse3, sse4.1, sse4.2, ht

Memory: 4k page, physical 8256620k(1852056k free), swap 15528572k(7186504k free)

vm_info: Java HotSpot(TM) 64-Bit Server VM (14.3-b01) for windows-amd64 JRE (1.6.0_17-b04), built on Oct 11 2009 00:46:08 by "java_re" with MS VC++ 8.0

time: Fri Apr 17 00:07:25 2015
elapsed time: 7952 seconds

